<?xml version="1.0" encoding="UTF-8"?>
<testsuite xmlns:xsi="http://www.w3.org/2001/XMLSchema-instance" xsi:noNamespaceSchemaLocation="https://maven.apache.org/surefire/maven-failsafe-plugin/xsd/failsafe-test-report.xsd" name="com.serene.tests.features.TestRunner" time="17.315" tests="3" errors="0" skipped="0" failures="1">
  <properties>
[...]
</properties>
  <testcase name="Unauthorized Login" classname="Login" time="7.528">
    <failure message="Invalid user credentials allowed expected:&lt;401&gt; but was:&lt;200&gt;" type="java.lang.AssertionError"><![CDATA[java.lang.AssertionError: Invalid user credentials allowed expected:<401> but was:<200>
]]></failure>
    <system-out><![CDATA[/user/login?username=test-user&password=abc122
Request method:	GET
Request URI:	https://petstore.swagger.io/v2/user/login
Proxy:			<none>
Request params:	<none>
Query params:	<none>
Form params:	<none>
Path params:	<none>
Headers:		Accept=*/*
				Content-Type=application/json; charset=UTF-8
Cookies:		<none>
Multiparts:		<none>
Body:			<none>
]]></system-out>
    <system-err><![CDATA[[main] INFO net.thucydides.core.steps.ConsoleLoggingListener - &amp#27;[36m

-------------------------------------------------------------------------------------
     _______. _______ .______       _______ .__   __.  __  .___________.____    ____ 
    /       ||   ____||   _  \     |   ____||  \ |  | |  | |           |\   \  /   / 
   |   (----`|  |__   |  |_)  |    |  |__   |   \|  | |  | `---|  |----` \   \/   /  
    \   \    |   __|  |      /     |   __|  |  . `  | |  |     |  |       \_    _/   
.----)   |   |  |____ |  |\  \----.|  |____ |  |\   | |  |     |  |         |  |     
|_______/    |_______|| _| `._____||_______||__| \__| |__|     |__|         |__|    
                                                                                     
 News and tutorials at http://www.serenity-bdd.info                                  
 Documentation at https://wakaleo.gitbooks.io/the-serenity-book/content/             
 Join the Serenity Community on Rocket Chat at https://serenity-bdd.rocket.chat      
 Serenity BDD Support and Training at http://serenity-bdd.info/#/trainingandsupport  
 Learn Serenity BDD online at http://serenity-dojo.com                               
-------------------------------------------------------------------------------------
&amp#27;[0m
[main] INFO net.thucydides.core.steps.ConsoleLoggingListener - Test Suite Started: Login
[main] INFO net.thucydides.core.steps.ConsoleLoggingListener - 
 _____ _____ ____ _____   ____ _____  _    ____ _____ _____ ____  
|_   _| ____/ ___|_   _| / ___|_   _|/ \  |  _ \_   _| ____|  _ \ 
  | | |  _| \___ \ | |   \___ \ | | / _ \ | |_) || | |  _| | | | |
  | | | |___ ___) || |    ___) || |/ ___ \|  _ < | | | |___| |_| |
  |_| |_____|____/ |_|   |____/ |_/_/   \_\_| \_\|_| |_____|____/ 
                                                                  

TEST STARTED: Unauthorized Login
-------------------------------------------------------------------(login;unauthorized-login)
[main] INFO net.thucydides.core.steps.ConsoleLoggingListener - STARTING STEP Unauthorized Login #1: {username=test-user, password=abc122}
[main] INFO net.thucydides.core.steps.ConsoleLoggingListener - STARTING STEP Given I provide login credentials "test-user" and "abc122"
[main] INFO net.thucydides.core.steps.ConsoleLoggingListener - STARTING STEP Given user details: test-user, abc122
[main] INFO net.thucydides.core.steps.ConsoleLoggingListener - FINISHING STEP
[main] INFO net.thucydides.core.steps.ConsoleLoggingListener - FINISHING STEP
[main] INFO net.thucydides.core.steps.ConsoleLoggingListener - STARTING STEP When I send request to login
[main] INFO net.thucydides.core.steps.ConsoleLoggingListener - STARTING STEP Post login request: io.restassured.internal.RequestSpecificationImpl@35dd9ed3
[main] INFO net.thucydides.core.steps.ConsoleLoggingListener - FINISHING STEP
[main] INFO net.thucydides.core.steps.ConsoleLoggingListener - FINISHING STEP
[main] INFO net.thucydides.core.steps.ConsoleLoggingListener - STARTING STEP Then login failed
[main] INFO net.thucydides.core.steps.ConsoleLoggingListener - STARTING STEP Verify login failure: io.restassured.internal.RestAssuredResponseImpl@54e02f6a, test-user, abc122
[main] INFO net.thucydides.core.steps.ConsoleLoggingListener - STEP FAILURE: java.lang.AssertionError: Invalid user credentials allowed expected:<401> but was:<200>
[main] INFO net.thucydides.core.steps.ConsoleLoggingListener - STEP FAILURE: java.lang.AssertionError: Invalid user credentials allowed expected:<401> but was:<200>
[main] INFO net.thucydides.core.steps.ConsoleLoggingListener - STEP FAILURE: java.lang.AssertionError: Invalid user credentials allowed expected:<401> but was:<200>
[main] ERROR net.thucydides.core.steps.ConsoleLoggingListener - 
           __  _____ _____ ____ _____   _____ _    ___ _     _____ ____  
  _       / / |_   _| ____/ ___|_   _| |  ___/ \  |_ _| |   | ____|  _ \ 
 (_)_____| |    | | |  _| \___ \ | |   | |_ / _ \  | || |   |  _| | | | |
  _|_____| |    | | | |___ ___) || |   |  _/ ___ \ | || |___| |___| |_| |
 (_)     | |    |_| |_____|____/ |_|   |_|/_/   \_\___|_____|_____|____/ 
          \_\                                                            

TEST FAILED: Unauthorized Login
--------------------------------------------------------------------------
[main] ERROR net.thucydides.core.steps.ConsoleLoggingListener - TEST FAILED AT STEP Verify login failure: io.restassured.internal.RestAssuredResponseImpl@54e02f6a, test-user, abc122
[main] ERROR net.thucydides.core.steps.ConsoleLoggingListener - Invalid user credentials allowed expected:<401> but was:<200>
]]></system-err>
  </testcase>
  <testcase name="Successful Login and Logout" classname="Login" time="1.611"/>
  <testcase name="Create and Update user" classname="Login" time="5.515"/>
</testsuite>